<?xml version="1.0" encoding="UTF-8"?>
<!-- Generated by org.testng.reporters.JUnitXMLReporter -->
<testsuite ignored="0" hostname="DESKTOP-LVNNG7C" failures="0" tests="13" name="Test" time="120.385" errors="0" timestamp="2024-01-12T21:49:37 EST">
  <testcase classname="com.qa.testCasesTn.AddtoCartTest" name="checkingOutValidProduct" time="8.433"/>
  <testcase classname="com.qa.testCasesTn.SearchProductTest" name="verifySearchWithValidProduct" time="0.798"/>
  <testcase classname="com.qa.testCasesTn.SearchProductTest" name="verifySearchWithInvalidProduct" time="1.028"/>
  <testcase classname="com.qa.testCasesTn.RegisterTest" name="verifyingRegisterWithMandatoryFields" time="1.311"/>
  <testcase classname="com.qa.testCasesTn.RegisterTest" name="verifyingRegisterWithExistingEmail" time="0.82"/>
  <testcase classname="com.qa.testCasesTn.RegisterTest" name="verifyingRegisterWithNoFields" time="0.594"/>
  <testcase classname="com.qa.testCasesTn.LoginTest" name="verifyLoginWithValidCredentials" time="1.427"/>
  <testcase classname="com.qa.testCasesTn.LoginTest" name="verifyLoginWithValidCredentials" time="1.48"/>
  <testcase classname="com.qa.testCasesTn.LoginTest" name="verifyLoginWithValidCredentials" time="1.036"/>
  <testcase classname="com.qa.testCasesTn.LoginTest" name="verifyLoginWithValidCredentials" time="1.044"/>
  <testcase classname="com.qa.testCasesTn.LoginTest" name="verifyLoginWithValidCredentials" time="1.016"/>
  <testcase classname="com.qa.testCasesTn.LoginTest" name="verifyLoginWithInvalidCredentials" time="0.643"/>
  <testcase classname="com.qa.testCasesTn.CheckOutTest" name="checkOutAsExistingUser" time="17.607"/>
</testsuite> <!-- Test -->
