<?xml version="1.0" encoding="UTF-8"?>
<testng-results ignored="0" total="13" passed="13" failed="0" skipped="0">
  <reporter-output>
  </reporter-output>
  <suite started-at="2024-01-12T21:47:36 EST" name="Suite" finished-at="2024-01-12T21:49:37 EST" duration-ms="120385">
    <groups>
    </groups>
    <test started-at="2024-01-12T21:47:36 EST" name="Test" finished-at="2024-01-12T21:49:37 EST" duration-ms="120385">
      <class name="com.qa.testCasesTn.LoginTest">
        <test-method is-config="true" signature="loginSetup()[pri:0, instance:com.qa.testCasesTn.LoginTest@202b0582]" started-at="2024-01-12T21:48:29 EST" name="loginSetup" finished-at="2024-01-12T21:48:34 EST" duration-ms="4978" status="PASS">
          <reporter-output>
          </reporter-output>
        </test-method> <!-- loginSetup -->
        <test-method signature="verifyLoginWithValidCredentials(java.lang.String,java.lang.String)[pri:1, instance:com.qa.testCasesTn.LoginTest@202b0582]" started-at="2024-01-12T21:48:34 EST" name="verifyLoginWithValidCredentials" data-provider="LN" finished-at="2024-01-12T21:48:35 EST" duration-ms="1427" status="PASS">
          <params>
            <param index="0">
              <value>
                <![CDATA[mashrufashanjia100@gmail.com]]>
              </value>
            </param>
            <param index="1">
              <value>
                <![CDATA[Mashrufa@123]]>
              </value>
            </param>
          </params>
          <reporter-output>
          </reporter-output>
        </test-method> <!-- verifyLoginWithValidCredentials -->
        <test-method is-config="true" signature="tearDown()[pri:0, instance:com.qa.testCasesTn.LoginTest@202b0582]" started-at="2024-01-12T21:48:35 EST" name="tearDown" finished-at="2024-01-12T21:48:36 EST" duration-ms="121" status="PASS">
          <reporter-output>
          </reporter-output>
        </test-method> <!-- tearDown -->
        <test-method is-config="true" signature="loginSetup()[pri:0, instance:com.qa.testCasesTn.LoginTest@202b0582]" started-at="2024-01-12T21:48:36 EST" name="loginSetup" finished-at="2024-01-12T21:48:40 EST" duration-ms="4914" status="PASS">
          <reporter-output>
          </reporter-output>
        </test-method> <!-- loginSetup -->
        <test-method signature="verifyLoginWithValidCredentials(java.lang.String,java.lang.String)[pri:1, instance:com.qa.testCasesTn.LoginTest@202b0582]" started-at="2024-01-12T21:48:40 EST" name="verifyLoginWithValidCredentials" data-provider="LN" finished-at="2024-01-12T21:48:42 EST" duration-ms="1480" status="PASS">
          <params>
            <param index="0">
              <value>
                <![CDATA[mashrufashanjia1000@gmail.com]]>
              </value>
            </param>
            <param index="1">
              <value>
                <![CDATA[Mashrufa@123]]>
              </value>
            </param>
          </params>
          <reporter-output>
          </reporter-output>
        </test-method> <!-- verifyLoginWithValidCredentials -->
        <test-method is-config="true" signature="tearDown()[pri:0, instance:com.qa.testCasesTn.LoginTest@202b0582]" started-at="2024-01-12T21:48:42 EST" name="tearDown" finished-at="2024-01-12T21:48:42 EST" duration-ms="100" status="PASS">
          <reporter-output>
          </reporter-output>
        </test-method> <!-- tearDown -->
        <test-method is-config="true" signature="loginSetup()[pri:0, instance:com.qa.testCasesTn.LoginTest@202b0582]" started-at="2024-01-12T21:48:42 EST" name="loginSetup" finished-at="2024-01-12T21:48:47 EST" duration-ms="4818" status="PASS">
          <reporter-output>
          </reporter-output>
        </test-method> <!-- loginSetup -->
        <test-method signature="verifyLoginWithValidCredentials(java.lang.String,java.lang.String)[pri:1, instance:com.qa.testCasesTn.LoginTest@202b0582]" started-at="2024-01-12T21:48:47 EST" name="verifyLoginWithValidCredentials" data-provider="LN" finished-at="2024-01-12T21:48:48 EST" duration-ms="1036" status="PASS">
          <params>
            <param index="0">
              <value>
                <![CDATA[mashrufashanjia10000@gmail.com]]>
              </value>
            </param>
            <param index="1">
              <value>
                <![CDATA[Mashrufa@123]]>
              </value>
            </param>
          </params>
          <reporter-output>
          </reporter-output>
        </test-method> <!-- verifyLoginWithValidCredentials -->
        <test-method is-config="true" signature="tearDown()[pri:0, instance:com.qa.testCasesTn.LoginTest@202b0582]" started-at="2024-01-12T21:48:48 EST" name="tearDown" finished-at="2024-01-12T21:48:48 EST" duration-ms="110" status="PASS">
          <reporter-output>
          </reporter-output>
        </test-method> <!-- tearDown -->
        <test-method is-config="true" signature="loginSetup()[pri:0, instance:com.qa.testCasesTn.LoginTest@202b0582]" started-at="2024-01-12T21:48:48 EST" name="loginSetup" finished-at="2024-01-12T21:48:53 EST" duration-ms="5047" status="PASS">
          <reporter-output>
          </reporter-output>
        </test-method> <!-- loginSetup -->
        <test-method signature="verifyLoginWithValidCredentials(java.lang.String,java.lang.String)[pri:1, instance:com.qa.testCasesTn.LoginTest@202b0582]" started-at="2024-01-12T21:48:53 EST" name="verifyLoginWithValidCredentials" data-provider="LN" finished-at="2024-01-12T21:48:54 EST" duration-ms="1044" status="PASS">
          <params>
            <param index="0">
              <value>
                <![CDATA[mashrufashanjia100000@gmail.com]]>
              </value>
            </param>
            <param index="1">
              <value>
                <![CDATA[Mashrufa@123]]>
              </value>
            </param>
          </params>
          <reporter-output>
          </reporter-output>
        </test-method> <!-- verifyLoginWithValidCredentials -->
        <test-method is-config="true" signature="tearDown()[pri:0, instance:com.qa.testCasesTn.LoginTest@202b0582]" started-at="2024-01-12T21:48:54 EST" name="tearDown" finished-at="2024-01-12T21:48:54 EST" duration-ms="141" status="PASS">
          <reporter-output>
          </reporter-output>
        </test-method> <!-- tearDown -->
        <test-method is-config="true" signature="loginSetup()[pri:0, instance:com.qa.testCasesTn.LoginTest@202b0582]" started-at="2024-01-12T21:48:54 EST" name="loginSetup" finished-at="2024-01-12T21:48:59 EST" duration-ms="4702" status="PASS">
          <reporter-output>
          </reporter-output>
        </test-method> <!-- loginSetup -->
        <test-method signature="verifyLoginWithValidCredentials(java.lang.String,java.lang.String)[pri:1, instance:com.qa.testCasesTn.LoginTest@202b0582]" started-at="2024-01-12T21:48:59 EST" name="verifyLoginWithValidCredentials" data-provider="LN" finished-at="2024-01-12T21:49:00 EST" duration-ms="1016" status="PASS">
          <params>
            <param index="0">
              <value>
                <![CDATA[mashrufashanjia1000000@gmail.com]]>
              </value>
            </param>
            <param index="1">
              <value>
                <![CDATA[Mashrufa@123]]>
              </value>
            </param>
          </params>
          <reporter-output>
          </reporter-output>
        </test-method> <!-- verifyLoginWithValidCredentials -->
        <test-method is-config="true" signature="tearDown()[pri:0, instance:com.qa.testCasesTn.LoginTest@202b0582]" started-at="2024-01-12T21:49:00 EST" name="tearDown" finished-at="2024-01-12T21:49:00 EST" duration-ms="125" status="PASS">
          <reporter-output>
          </reporter-output>
        </test-method> <!-- tearDown -->
        <test-method is-config="true" signature="loginSetup()[pri:0, instance:com.qa.testCasesTn.LoginTest@202b0582]" started-at="2024-01-12T21:49:00 EST" name="loginSetup" finished-at="2024-01-12T21:49:05 EST" duration-ms="4443" status="PASS">
          <reporter-output>
          </reporter-output>
        </test-method> <!-- loginSetup -->
        <test-method signature="verifyLoginWithInvalidCredentials()[pri:2, instance:com.qa.testCasesTn.LoginTest@202b0582]" started-at="2024-01-12T21:49:05 EST" name="verifyLoginWithInvalidCredentials" finished-at="2024-01-12T21:49:05 EST" duration-ms="643" status="PASS">
          <reporter-output>
          </reporter-output>
        </test-method> <!-- verifyLoginWithInvalidCredentials -->
        <test-method is-config="true" signature="tearDown()[pri:0, instance:com.qa.testCasesTn.LoginTest@202b0582]" started-at="2024-01-12T21:49:05 EST" name="tearDown" finished-at="2024-01-12T21:49:05 EST" duration-ms="132" status="PASS">
          <reporter-output>
          </reporter-output>
        </test-method> <!-- tearDown -->
      </class> <!-- com.qa.testCasesTn.LoginTest -->
      <class name="com.qa.testCasesTn.SearchProductTest">
        <test-method is-config="true" signature="registerSetup()[pri:0, instance:com.qa.testCasesTn.SearchProductTest@7ef82753]" started-at="2024-01-12T21:47:50 EST" name="registerSetup" finished-at="2024-01-12T21:47:55 EST" duration-ms="4510" status="PASS">
          <reporter-output>
          </reporter-output>
        </test-method> <!-- registerSetup -->
        <test-method signature="verifySearchWithValidProduct()[pri:1, instance:com.qa.testCasesTn.SearchProductTest@7ef82753]" started-at="2024-01-12T21:47:55 EST" name="verifySearchWithValidProduct" finished-at="2024-01-12T21:47:56 EST" duration-ms="798" status="PASS">
          <reporter-output>
          </reporter-output>
        </test-method> <!-- verifySearchWithValidProduct -->
        <test-method is-config="true" signature="tearDown()[pri:0, instance:com.qa.testCasesTn.SearchProductTest@7ef82753]" started-at="2024-01-12T21:47:56 EST" name="tearDown" finished-at="2024-01-12T21:47:56 EST" duration-ms="158" status="PASS">
          <reporter-output>
          </reporter-output>
        </test-method> <!-- tearDown -->
        <test-method is-config="true" signature="registerSetup()[pri:0, instance:com.qa.testCasesTn.SearchProductTest@7ef82753]" started-at="2024-01-12T21:47:56 EST" name="registerSetup" finished-at="2024-01-12T21:48:01 EST" duration-ms="5039" status="PASS">
          <reporter-output>
          </reporter-output>
        </test-method> <!-- registerSetup -->
        <test-method signature="verifySearchWithInvalidProduct()[pri:2, instance:com.qa.testCasesTn.SearchProductTest@7ef82753]" started-at="2024-01-12T21:48:01 EST" name="verifySearchWithInvalidProduct" finished-at="2024-01-12T21:48:02 EST" duration-ms="1028" status="PASS">
          <reporter-output>
          </reporter-output>
        </test-method> <!-- verifySearchWithInvalidProduct -->
        <test-method is-config="true" signature="tearDown()[pri:0, instance:com.qa.testCasesTn.SearchProductTest@7ef82753]" started-at="2024-01-12T21:48:02 EST" name="tearDown" finished-at="2024-01-12T21:48:02 EST" duration-ms="119" status="PASS">
          <reporter-output>
          </reporter-output>
        </test-method> <!-- tearDown -->
      </class> <!-- com.qa.testCasesTn.SearchProductTest -->
      <class name="com.qa.testCasesTn.CheckOutTest">
        <test-method is-config="true" signature="setup()[pri:0, instance:com.qa.testCasesTn.CheckOutTest@235ecd9f]" started-at="2024-01-12T21:49:05 EST" name="setup" finished-at="2024-01-12T21:49:19 EST" duration-ms="13607" status="PASS">
          <reporter-output>
          </reporter-output>
        </test-method> <!-- setup -->
        <test-method signature="checkOutAsExistingUser()[pri:0, instance:com.qa.testCasesTn.CheckOutTest@235ecd9f]" started-at="2024-01-12T21:49:19 EST" name="checkOutAsExistingUser" finished-at="2024-01-12T21:49:36 EST" duration-ms="17607" status="PASS">
          <reporter-output>
          </reporter-output>
        </test-method> <!-- checkOutAsExistingUser -->
        <test-method is-config="true" signature="tearDown()[pri:0, instance:com.qa.testCasesTn.CheckOutTest@235ecd9f]" started-at="2024-01-12T21:49:37 EST" name="tearDown" finished-at="2024-01-12T21:49:37 EST" duration-ms="141" status="PASS">
          <reporter-output>
          </reporter-output>
        </test-method> <!-- tearDown -->
      </class> <!-- com.qa.testCasesTn.CheckOutTest -->
      <class name="com.qa.testCasesTn.AddtoCartTest">
        <test-method is-config="true" signature="setup()[pri:0, instance:com.qa.testCasesTn.AddtoCartTest@1c7696c6]" started-at="2024-01-12T21:47:36 EST" name="setup" finished-at="2024-01-12T21:47:42 EST" duration-ms="5220" status="PASS">
          <reporter-output>
          </reporter-output>
        </test-method> <!-- setup -->
        <test-method signature="checkingOutValidProduct()[pri:0, instance:com.qa.testCasesTn.AddtoCartTest@1c7696c6]" started-at="2024-01-12T21:47:42 EST" name="checkingOutValidProduct" finished-at="2024-01-12T21:47:50 EST" duration-ms="8433" status="PASS">
          <reporter-output>
          </reporter-output>
        </test-method> <!-- checkingOutValidProduct -->
        <test-method is-config="true" signature="tearDown()[pri:0, instance:com.qa.testCasesTn.AddtoCartTest@1c7696c6]" started-at="2024-01-12T21:47:50 EST" name="tearDown" finished-at="2024-01-12T21:47:50 EST" duration-ms="128" status="PASS">
          <reporter-output>
          </reporter-output>
        </test-method> <!-- tearDown -->
      </class> <!-- com.qa.testCasesTn.AddtoCartTest -->
      <class name="com.qa.testCasesTn.RegisterTest">
        <test-method is-config="true" signature="setup()[pri:0, instance:com.qa.testCasesTn.RegisterTest@3b0fe47a]" started-at="2024-01-12T21:48:02 EST" name="setup" finished-at="2024-01-12T21:48:08 EST" duration-ms="6371" status="PASS">
          <reporter-output>
          </reporter-output>
        </test-method> <!-- setup -->
        <test-method signature="verifyingRegisterWithMandatoryFields()[pri:1, instance:com.qa.testCasesTn.RegisterTest@3b0fe47a]" started-at="2024-01-12T21:48:08 EST" name="verifyingRegisterWithMandatoryFields" finished-at="2024-01-12T21:48:10 EST" duration-ms="1311" status="PASS">
          <reporter-output>
          </reporter-output>
        </test-method> <!-- verifyingRegisterWithMandatoryFields -->
        <test-method is-config="true" signature="tearDown()[pri:0, instance:com.qa.testCasesTn.RegisterTest@3b0fe47a]" started-at="2024-01-12T21:48:10 EST" name="tearDown" finished-at="2024-01-12T21:48:10 EST" duration-ms="130" status="PASS">
          <reporter-output>
          </reporter-output>
        </test-method> <!-- tearDown -->
        <test-method is-config="true" signature="setup()[pri:0, instance:com.qa.testCasesTn.RegisterTest@3b0fe47a]" started-at="2024-01-12T21:48:10 EST" name="setup" finished-at="2024-01-12T21:48:17 EST" duration-ms="7620" status="PASS">
          <reporter-output>
          </reporter-output>
        </test-method> <!-- setup -->
        <test-method signature="verifyingRegisterWithExistingEmail()[pri:2, instance:com.qa.testCasesTn.RegisterTest@3b0fe47a]" started-at="2024-01-12T21:48:17 EST" name="verifyingRegisterWithExistingEmail" finished-at="2024-01-12T21:48:18 EST" duration-ms="820" status="PASS">
          <reporter-output>
          </reporter-output>
        </test-method> <!-- verifyingRegisterWithExistingEmail -->
        <test-method is-config="true" signature="tearDown()[pri:0, instance:com.qa.testCasesTn.RegisterTest@3b0fe47a]" started-at="2024-01-12T21:48:18 EST" name="tearDown" finished-at="2024-01-12T21:48:18 EST" duration-ms="118" status="PASS">
          <reporter-output>
          </reporter-output>
        </test-method> <!-- tearDown -->
        <test-method is-config="true" signature="setup()[pri:0, instance:com.qa.testCasesTn.RegisterTest@3b0fe47a]" started-at="2024-01-12T21:48:18 EST" name="setup" finished-at="2024-01-12T21:48:28 EST" duration-ms="9558" status="PASS">
          <reporter-output>
          </reporter-output>
        </test-method> <!-- setup -->
        <test-method signature="verifyingRegisterWithNoFields()[pri:3, instance:com.qa.testCasesTn.RegisterTest@3b0fe47a]" started-at="2024-01-12T21:48:28 EST" name="verifyingRegisterWithNoFields" finished-at="2024-01-12T21:48:28 EST" duration-ms="594" status="PASS">
          <reporter-output>
          </reporter-output>
        </test-method> <!-- verifyingRegisterWithNoFields -->
        <test-method is-config="true" signature="tearDown()[pri:0, instance:com.qa.testCasesTn.RegisterTest@3b0fe47a]" started-at="2024-01-12T21:48:28 EST" name="tearDown" finished-at="2024-01-12T21:48:29 EST" duration-ms="111" status="PASS">
          <reporter-output>
          </reporter-output>
        </test-method> <!-- tearDown -->
      </class> <!-- com.qa.testCasesTn.RegisterTest -->
    </test> <!-- Test -->
  </suite> <!-- Suite -->
</testng-results>
